âœ… ç¯å¢ƒå˜é‡å·²åŠ è½½: /workspace/projects/admin-backend/.env
[DEBUG] conversation_memory loaded: BASE_DIR=/workspace/projects/admin-backend, DB_PATH=/workspace/projects/admin-backend/lingzhi_ecosystem.db, exists=True
âœ… å¯¹è¯è®°å¿†ç³»ç»Ÿå·²åŠ è½½
âœ… è®°å¿†ç³»ç»Ÿè¡¨åˆå§‹åŒ–å®Œæˆ
âœ… ç”¨æˆ·æ—…ç¨‹ç³»ç»Ÿå·²åŠ è½½
âœ… ç”¨æˆ·æ—…ç¨‹è¡¨åˆå§‹åŒ–å®Œæˆ
âœ… ç¯å¢ƒå˜é‡å·²åŠ è½½: /workspace/projects/admin-backend/.env
âœ… ç»Ÿä¸€è®¤è¯ç³»ç»Ÿå·²åŠ è½½
âœ… å¯¹è¯è®°å¿† API å·²æ³¨å†Œ
âœ… ç”¨æˆ·æ—…ç¨‹ API å·²æ³¨å†Œ
âœ… ç»Ÿä¸€è®¤è¯ API å·²æ³¨å†Œ
é™æ€æ–‡ä»¶ç›®å½•: /workspace/projects/admin-backend/../public
æ—§æ•°æ®åº“ä¸å­˜åœ¨ï¼Œè·³è¿‡è¿ç§»
æ‰©å±•åŠŸèƒ½è¡¨åˆ›å»ºæˆåŠŸ
æ‰©å±•åŠŸèƒ½åˆå§‹åŒ–å®Œæˆ
âœ… æ‰©å±•åŠŸèƒ½åˆå§‹åŒ–æˆåŠŸ
==================================================
çµå€¼ç”Ÿæ€å›­ API æœåŠ¡å¯åŠ¨ä¸­...
==================================================
æœåŠ¡åœ°å€: http://0.0.0.0:8080
é»˜è®¤ç®¡ç†å‘˜è´¦å·: admin / admin123
==================================================
æ­£åœ¨å¤‡ä»½æ•°æ®åº“...
æ•°æ®åº“å¤‡ä»½æˆåŠŸ: /workspace/projects/admin-backend/backups/lingzhi_ecosystem_backup_20260209_103726.db
âœ… åˆ†çº¢æ±  API è·¯ç”±å·²æ³¨å†Œ
âœ… å®‰å…¨æ¨èç  API è·¯ç”±å·²æ³¨å†Œ
 * Serving Flask app 'app'
 * Debug mode: on
[31m[1mWARNING: This is a development server. Do not use it in a production deployment. Use a production WSGI server instead.[0m
 * Running on all addresses (0.0.0.0)
 * Running on http://127.0.0.1:8080
 * Running on http://169.254.99.36:8080
[33mPress CTRL+C to quit[0m
 * Restarting with watchdog (inotify)
âœ… ç¯å¢ƒå˜é‡å·²åŠ è½½: /workspace/projects/admin-backend/.env
[DEBUG] conversation_memory loaded: BASE_DIR=/workspace/projects/admin-backend, DB_PATH=/workspace/projects/admin-backend/lingzhi_ecosystem.db, exists=True
âœ… å¯¹è¯è®°å¿†ç³»ç»Ÿå·²åŠ è½½
âœ… è®°å¿†ç³»ç»Ÿè¡¨åˆå§‹åŒ–å®Œæˆ
âœ… ç”¨æˆ·æ—…ç¨‹ç³»ç»Ÿå·²åŠ è½½
âœ… ç”¨æˆ·æ—…ç¨‹è¡¨åˆå§‹åŒ–å®Œæˆ
âœ… ç¯å¢ƒå˜é‡å·²åŠ è½½: /workspace/projects/admin-backend/.env
âœ… ç»Ÿä¸€è®¤è¯ç³»ç»Ÿå·²åŠ è½½
âœ… å¯¹è¯è®°å¿† API å·²æ³¨å†Œ
âœ… ç”¨æˆ·æ—…ç¨‹ API å·²æ³¨å†Œ
âœ… ç»Ÿä¸€è®¤è¯ API å·²æ³¨å†Œ
é™æ€æ–‡ä»¶ç›®å½•: /workspace/projects/admin-backend/../public
æ—§æ•°æ®åº“ä¸å­˜åœ¨ï¼Œè·³è¿‡è¿ç§»
æ‰©å±•åŠŸèƒ½è¡¨åˆ›å»ºæˆåŠŸ
æ‰©å±•åŠŸèƒ½åˆå§‹åŒ–å®Œæˆ
âœ… æ‰©å±•åŠŸèƒ½åˆå§‹åŒ–æˆåŠŸ
==================================================
çµå€¼ç”Ÿæ€å›­ API æœåŠ¡å¯åŠ¨ä¸­...
==================================================
æœåŠ¡åœ°å€: http://0.0.0.0:8080
é»˜è®¤ç®¡ç†å‘˜è´¦å·: admin / admin123
==================================================
æ­£åœ¨å¤‡ä»½æ•°æ®åº“...
æ•°æ®åº“å¤‡ä»½æˆåŠŸ: /workspace/projects/admin-backend/backups/lingzhi_ecosystem_backup_20260209_103729.db
âœ… åˆ†çº¢æ±  API è·¯ç”±å·²æ³¨å†Œ
âœ… å®‰å…¨æ¨èç  API è·¯ç”±å·²æ³¨å†Œ
 * Debugger is active!
 * Debugger PIN: 250-067-736
/workspace/projects/admin-backend/app.py:855: DeprecationWarning: datetime.datetime.utcnow() is deprecated and scheduled for removal in a future version. Use timezone-aware objects to represent datetimes in UTC: datetime.datetime.now(datetime.UTC).
  'exp': datetime.utcnow().timestamp() + JWT_EXPIRATION
127.0.0.1 - - [09/Feb/2026 10:40:24] "POST /api/register HTTP/1.1" 200 -
127.0.0.1 - - [09/Feb/2026 10:40:27] "[31m[1mPOST /api/login HTTP/1.1[0m" 401 -
127.0.0.1 - - [09/Feb/2026 10:40:32] "[31m[1mPOST /api/login HTTP/1.1[0m" 401 -
127.0.0.1 - - [09/Feb/2026 10:40:39] "POST /api/register HTTP/1.1" 200 -
127.0.0.1 - - [09/Feb/2026 10:40:42] "[31m[1mPOST /api/login HTTP/1.1[0m" 401 -
127.0.0.1 - - [09/Feb/2026 10:40:54] "GET /api/user/profile HTTP/1.1" 200 -
