âœ… é…ç½®åŠ è½½æˆåŠŸ: ./lingzhi_ecosystem.db
âœ… ç¯å¢ƒå˜é‡å·²åŠ è½½: /workspace/projects/admin-backend/.env
[é…ç½®] æ•°æ®åº“è·¯å¾„: ./lingzhi_ecosystem.db
[é…ç½®] JWTè¿‡æœŸæ—¶é—´: 86400ç§’
âœ“ coze_coding_dev_sdk å·²åŠ è½½ï¼Œæ™ºèƒ½å¯¹è¯åŠŸèƒ½å¯ç”¨
[DEBUG] conversation_memory loaded: BASE_DIR=/workspace/projects/admin-backend, DB_PATH=/workspace/projects/admin-backend/lingzhi_ecosystem.db, exists=True
âœ… å¯¹è¯è®°å¿†ç³»ç»Ÿå·²åŠ è½½
âœ… è®°å¿†ç³»ç»Ÿè¡¨åˆå§‹åŒ–å®Œæˆ
âœ… ç”¨æˆ·æ—…ç¨‹ç³»ç»Ÿå·²åŠ è½½
âœ… ç”¨æˆ·æ—…ç¨‹è¡¨åˆå§‹åŒ–å®Œæˆ
âœ… ç¯å¢ƒå˜é‡å·²åŠ è½½: /workspace/projects/admin-backend/.env
âœ… ç»Ÿä¸€è®¤è¯ç³»ç»Ÿå·²åŠ è½½
âœ… å•†å®¶æœåŠ¡ç³»ç»Ÿå·²åŠ è½½
âœ… å•†å®¶ç›¸å…³è¡¨åˆå§‹åŒ–æˆåŠŸ
âœ… å•†å®¶è¡¨å·²æœ‰ 10 æ¡æ•°æ®ï¼Œè·³è¿‡åˆå§‹åŒ–
âœ… å¯¹è¯è®°å¿† API å·²æ³¨å†Œ
âœ… ç”¨æˆ·æ—…ç¨‹ API å·²æ³¨å†Œ
âœ… ç»Ÿä¸€è®¤è¯ API å·²æ³¨å†Œ
âœ… ç”¨æˆ·èµ„æ–™ç¼–è¾‘ API å·²æ³¨å†Œ
âœ… è´¡çŒ®å€¼ç³»ç»Ÿ API å·²æ³¨å†Œ
âœ… å•†å®¶åŠŸèƒ½ API å·²æ³¨å†Œ
âœ… ä¸“å®¶åŠŸèƒ½ API å·²æ³¨å†Œ
âœ… æ–‡åŒ–åœ£åœ° API å·²æ³¨å†Œ
âœ… ç¾å­¦ä¾¦æ¢ä»»åŠ¡ API å·²æ³¨å†Œ
âœ… æ•°å­—èµ„äº§ API å·²æ³¨å†Œ
âœ… ç”¨æˆ·åé¦ˆ API å·²æ³¨å†Œ
âœ… æ•°æ®åˆ†æ API å·²æ³¨å†Œ
âœ… å¯¼èˆªé…ç½® API å·²æ³¨å†Œ
âœ… ç”¨æˆ·å¼•å¯¼æ–‡æ¡£ API å·²æ³¨å†Œ
âš ï¸  agent_enhanced æ¨¡å—ä¸å¯ç”¨
âœ… æ™ºèƒ½ä½“èŠå¤© API è“å›¾å·²åŠ è½½
âœ… æ™ºèƒ½ä½“èŠå¤© API å·²æ³¨å†Œ
âœ… çŸ¥è¯†åº“ API è“å›¾å·²åŠ è½½
âœ… çŸ¥è¯†åº“ API å·²æ³¨å†Œ
âœ… ç”¨æˆ·ç³»ç»Ÿ API è“å›¾å·²åŠ è½½
âœ… ç”¨æˆ·ç³»ç»Ÿ API å·²æ³¨å†Œ
âœ… ç»¼åˆåŠŸèƒ½ API è“å›¾å·²åŠ è½½
âœ… ç»¼åˆåŠŸèƒ½ API å·²æ³¨å†Œ
âœ… å¾®ä¿¡å°ç¨‹åºç™»å½• API å·²æ³¨å†Œ
âœ… å¯¹è¯è®¡è´¹ API å·²æ³¨å†Œ
é™æ€æ–‡ä»¶ç›®å½•: /workspace/projects/admin-backend/../public
[é…ç½®] BASE_DIR: /workspace/projects/admin-backend
[æ•°æ®åº“åˆå§‹åŒ–] æ•°æ®åº“è·¯å¾„: ./lingzhi_ecosystem.db
============================================================
å¼€å§‹åˆå§‹åŒ–æ•°æ®åº“...
============================================================
[æ•°æ®åº“åˆå§‹åŒ–] æ‰€æœ‰è¡¨å·²å­˜åœ¨
[æ•°æ®åº“åˆå§‹åŒ–] é»˜è®¤æ•°æ®åˆå§‹åŒ–å®Œæˆ
============================================================
âœ… æ•°æ®åº“åˆå§‹åŒ–å®Œæˆ
============================================================
âœ… æ•°æ®åº“åˆå§‹åŒ–æˆåŠŸ
ç®¡ç†å‘˜è´¦å·å¯†ç å·²æ›´æ–°: admin / 123456
ç”¨æˆ·ç™»å½•è´¦å·å¯†ç å·²æ›´æ–°: admin / 123456
æ—§æ•°æ®åº“ä¸å­˜åœ¨ï¼Œè·³è¿‡è¿ç§»
æ‰©å±•åŠŸèƒ½è¡¨åˆ›å»ºæˆåŠŸ
æ‰©å±•åŠŸèƒ½åˆå§‹åŒ–å®Œæˆ
âœ… æ‰©å±•åŠŸèƒ½åˆå§‹åŒ–æˆåŠŸ
==================================================
çµå€¼ç”Ÿæ€å›­ API æœåŠ¡å¯åŠ¨ä¸­...
==================================================
æœåŠ¡åœ°å€: http://0.0.0.0:8080
é»˜è®¤ç®¡ç†å‘˜è´¦å·: admin / admin123
==================================================
æ­£åœ¨å¤‡ä»½æ•°æ®åº“...
æ•°æ®åº“å¤‡ä»½æˆåŠŸ: /workspace/projects/admin-backend/backups/lingzhi_ecosystem_backup_20260215_153332.db
âœ… åˆ†çº¢æ±  API è·¯ç”±å·²æ³¨å†Œ
âœ… å•†å®¶èµ„æºæ±  API å·²æ³¨å†Œ
âœ… å®‰å…¨æ¨èç  API è·¯ç”±å·²æ³¨å†Œ
âœ… ç¯å¢ƒå˜é‡å·²åŠ è½½: /workspace/projects/admin-backend/.env
[é…ç½®] æ•°æ®åº“è·¯å¾„: ./lingzhi_ecosystem.db
[é…ç½®] JWTè¿‡æœŸæ—¶é—´: 86400ç§’
âœ“ coze_coding_dev_sdk å·²åŠ è½½ï¼Œæ™ºèƒ½å¯¹è¯åŠŸèƒ½å¯ç”¨
âœ… å¯¹è¯è®°å¿†ç³»ç»Ÿå·²åŠ è½½
âœ… ç”¨æˆ·æ—…ç¨‹ç³»ç»Ÿå·²åŠ è½½
âœ… ç”¨æˆ·æ—…ç¨‹è¡¨åˆå§‹åŒ–å®Œæˆ
âœ… ç»Ÿä¸€è®¤è¯ç³»ç»Ÿå·²åŠ è½½
âœ… å•†å®¶æœåŠ¡ç³»ç»Ÿå·²åŠ è½½
âœ… å•†å®¶ç›¸å…³è¡¨åˆå§‹åŒ–æˆåŠŸ
âœ… å•†å®¶è¡¨å·²æœ‰ 10 æ¡æ•°æ®ï¼Œè·³è¿‡åˆå§‹åŒ–
âœ… å¯¹è¯è®°å¿† API å·²æ³¨å†Œ
âœ… ç”¨æˆ·æ—…ç¨‹ API å·²æ³¨å†Œ
âœ… ç»Ÿä¸€è®¤è¯ API å·²æ³¨å†Œ
âœ… ç”¨æˆ·èµ„æ–™ç¼–è¾‘ API å·²æ³¨å†Œ
âœ… è´¡çŒ®å€¼ç³»ç»Ÿ API å·²æ³¨å†Œ
âœ… å•†å®¶åŠŸèƒ½ API å·²æ³¨å†Œ
âœ… ä¸“å®¶åŠŸèƒ½ API å·²æ³¨å†Œ
âœ… æ–‡åŒ–åœ£åœ° API å·²æ³¨å†Œ
âœ… ç¾å­¦ä¾¦æ¢ä»»åŠ¡ API å·²æ³¨å†Œ
âœ… æ•°å­—èµ„äº§ API å·²æ³¨å†Œ
âœ… ç”¨æˆ·åé¦ˆ API å·²æ³¨å†Œ
âœ… æ•°æ®åˆ†æ API å·²æ³¨å†Œ
âœ… å¯¼èˆªé…ç½® API å·²æ³¨å†Œ
âœ… ç”¨æˆ·å¼•å¯¼æ–‡æ¡£ API å·²æ³¨å†Œ
âœ… æ™ºèƒ½ä½“èŠå¤© API å·²æ³¨å†Œ
âœ… çŸ¥è¯†åº“ API å·²æ³¨å†Œ
âœ… ç”¨æˆ·ç³»ç»Ÿ API å·²æ³¨å†Œ
âœ… ç»¼åˆåŠŸèƒ½ API å·²æ³¨å†Œ
âœ… å¾®ä¿¡å°ç¨‹åºç™»å½• API å·²æ³¨å†Œ
âœ… å¯¹è¯è®¡è´¹ API å·²æ³¨å†Œ
é™æ€æ–‡ä»¶ç›®å½•: /workspace/projects/admin-backend/../public
[é…ç½®] BASE_DIR: /workspace/projects/admin-backend
[æ•°æ®åº“åˆå§‹åŒ–] æ•°æ®åº“è·¯å¾„: ./lingzhi_ecosystem.db
============================================================
å¼€å§‹åˆå§‹åŒ–æ•°æ®åº“...
============================================================
[æ•°æ®åº“åˆå§‹åŒ–] æ‰€æœ‰è¡¨å·²å­˜åœ¨
[æ•°æ®åº“åˆå§‹åŒ–] é»˜è®¤æ•°æ®åˆå§‹åŒ–å®Œæˆ
============================================================
âœ… æ•°æ®åº“åˆå§‹åŒ–å®Œæˆ
============================================================
âœ… æ•°æ®åº“åˆå§‹åŒ–æˆåŠŸ
ç®¡ç†å‘˜è´¦å·å¯†ç å·²æ›´æ–°: admin / 123456
ç”¨æˆ·ç™»å½•è´¦å·å¯†ç å·²æ›´æ–°: admin / 123456
æ—§æ•°æ®åº“ä¸å­˜åœ¨ï¼Œè·³è¿‡è¿ç§»
 * Serving Flask app 'app'
 * Debug mode: off
[31m[1mWARNING: This is a development server. Do not use it in a production deployment. Use a production WSGI server instead.[0m
 * Running on all addresses (0.0.0.0)
 * Running on http://127.0.0.1:8080
 * Running on http://169.254.99.37:8080
[33mPress CTRL+C to quit[0m
[LOGIN_DEBUG] æ”¶åˆ°ç™»å½•è¯·æ±‚: 127.0.0.1, curl/8.5.0
[LOGIN_DEBUG] è¯·æ±‚æ•°æ®: {'username': 'admin', 'password': '123456'}
[ç™»å½•] å¯†ç éªŒè¯ç»“æœ: æˆåŠŸ
/workspace/projects/admin-backend/app.py:1172: DeprecationWarning: datetime.datetime.utcnow() is deprecated and scheduled for removal in a future version. Use timezone-aware objects to represent datetimes in UTC: datetime.datetime.now(datetime.UTC).
  'exp': datetime.utcnow().timestamp() + JWT_EXPIRATION
/workspace/projects/admin-backend/app.py:1727: DeprecationWarning: The default datetime adapter is deprecated as of Python 3.12; see the sqlite3 documentation for suggested replacement recipes
  cursor.execute(
127.0.0.1 - - [15/Feb/2026 15:36:41] "POST /api/login HTTP/1.1" 200 -
[LOGIN_DEBUG] æ”¶åˆ°ç™»å½•è¯·æ±‚: 127.0.0.1, curl/8.5.0
[LOGIN_DEBUG] è¯·æ±‚æ•°æ®: {'username': 'admin', 'password': '123456'}
[ç™»å½•] å¯†ç éªŒè¯ç»“æœ: æˆåŠŸ
127.0.0.1 - - [15/Feb/2026 15:36:50] "POST /api/login HTTP/1.1" 200 -
127.0.0.1 - - [15/Feb/2026 15:36:54] "GET /api/admin/agents HTTP/1.1" 200 -
â•­â”€â”€â”€â”€â”€â”€â”€â”€â”€â”€â”€â”€â”€â”€â”€â”€â”€â”€â”€â”€â”€â”€â”€â”€â”€â”€â”€â”€â”€â”€â”€â”€ HTTP Request â”€â”€â”€â”€â”€â”€â”€â”€â”€â”€â”€â”€â”€â”€â”€â”€â”€â”€â”€â”€â”€â”€â”€â”€â”€â”€â”€â”€â”€â”€â”€â”€â•®
â”‚ POST https://integration.coze.cn/v1/knowledge_base/recall                    â”‚
â”‚                                                                              â”‚
â”‚ Headers:                                                                     â”‚
â”‚   x-coze-token: Bearer                                                       â”‚
â”‚ WU9RNGFQTmZTc3VnbnRCMmsyWUtDcDZHOWJMa0g5ZVk6NVN5cHNRbkNidjFzWHNEVnJ4UTZKQlN1 â”‚
â”‚ SUxYMlU3ZEtidVRXbDYwWDFyZW9sdmhQbTU1QVdQaVJHcVo4b1BoWA==                     â”‚
â”‚   Content-Type: application/json                                             â”‚
â”‚   Authorization: Bearer WU9RNGFQ...WA==                                      â”‚
â”‚   X-Client-Sdk: coze-coding-dev-sdk-python/0.5.0                             â”‚
â”‚                                                                              â”‚
â”‚ Body:                                                                        â”‚
â”‚                                                                              â”‚
â•°â”€â”€â”€â”€â”€â”€â”€â”€â”€â”€â”€â”€â”€â”€â”€â”€â”€â”€â”€â”€â”€â”€â”€â”€â”€â”€â”€â”€â”€â”€â”€â”€â”€â”€â”€â”€â”€â”€â”€â”€â”€â”€â”€â”€â”€â”€â”€â”€â”€â”€â”€â”€â”€â”€â”€â”€â”€â”€â”€â”€â”€â”€â”€â”€â”€â”€â”€â”€â”€â”€â”€â”€â”€â”€â”€â”€â”€â”€â•¯
{                                                                               
  "query": "ä½ å¥½",                                                              
  "top_k": 3,                                                                   
  "min_score": 0.3                                                              
}                                                                               

â•­â”€â”€â”€â”€â”€â”€â”€â”€â”€â”€â”€â”€â”€â”€â”€â”€â”€â”€â”€â”€â”€â”€â”€â”€â”€â”€â”€â”€â”€â”€â”€ HTTP Response â”€â”€â”€â”€â”€â”€â”€â”€â”€â”€â”€â”€â”€â”€â”€â”€â”€â”€â”€â”€â”€â”€â”€â”€â”€â”€â”€â”€â”€â”€â”€â”€â•®
â”‚ Status: 200 OK                                                               â”‚
â”‚                                                                              â”‚
â”‚ Response Headers:                                                            â”‚
â”‚   Server: volc-dcdn                                                          â”‚
â”‚   Content-Type: application/json                                             â”‚
â”‚   Transfer-Encoding: chunked                                                 â”‚
â”‚   Connection: keep-alive                                                     â”‚
â”‚   Date: Sun, 15 Feb 2026 07:37:01 GMT                                        â”‚
â”‚   Vary: Accept-Encoding                                                      â”‚
â”‚   X-Tt-Logid: 2026021515365900502B59E1D8356900D7                             â”‚
â”‚   Server-Timing: inner; dur=2265, cdn-cache;desc=MISS, origin;dur=2297,      â”‚
â”‚ edge;dur=0, tt_agw; dur=2253                                                 â”‚
â”‚   x-envoy-response-flags: -                                                  â”‚
â”‚   Strict-Transport-Security: max-age=31536000; includeSubDomains             â”‚
â”‚   x-tt-trace-host:                                                           â”‚
â”‚ 01e8ceb24e79a5140a1988c644decd1ef9b7fe25e69f69bf9281df03a35b494de0fa49039772 â”‚
â”‚ be3c9773a82344dbf7a4ea7d94e5ac8ed6b07c73466b9c433299a56472e578e5788fa862f34f â”‚
â”‚ c2e239b510f8939d80cfba7dc3cbeeeeb8c8982b74                                   â”‚
â”‚   x-tt-trace-tag: id=5                                                       â”‚
â”‚   x-tt-trace-id: 00-603b39c2030109433f9102b557dc0000-603b39c203010943-01     â”‚
â”‚   X-TT-TIMESTAMP: 1771141021.969                                             â”‚
â”‚   Content-Encoding: gzip                                                     â”‚
â”‚   via: n36-150-033-036.lygcm02-container.Creative                            â”‚
â”‚   x-request-ip: 115.190.218.237                                              â”‚
â”‚   x-dsa-trace-id: 177114101901b2335cad7e4e3f96fbf00482357c64                 â”‚
â”‚   X-Dsa-Origin-Status: 200                                                   â”‚
â”‚                                                                              â”‚
â”‚ Body:                                                                        â”‚
â•°â”€â”€â”€â”€â”€â”€â”€â”€â”€â”€â”€â”€â”€â”€â”€â”€â”€â”€â”€â”€â”€â”€â”€â”€â”€â”€â”€â”€â”€â”€â”€â”€â”€â”€â”€â”€â”€â”€â”€â”€â”€â”€â”€â”€â”€â”€â”€â”€â”€â”€â”€â”€â”€â”€â”€â”€â”€â”€â”€â”€â”€â”€â”€â”€â”€â”€â”€â”€â”€â”€â”€â”€â”€â”€â”€â”€â”€â”€â•¯
{                                                                               
  "code": 0,                                                                    
  "data": [                                                                     
    {                                                                           
      "chunk_id": "7597965239014981674",                                        
      "doc_id": "7597853762991996954",                                          
      "score": 0.4999062487320437,                                              
      "slice": "---"                                                            
    },                                                                          
    {                                                                           
      "chunk_id": "7597965239015096362",                                        
      "doc_id": "7597853762991996954",                                          
      "score": 0.4996856573557653,                                              
      "slice": "---"                                                            
    },                                                                          
    {                                                                           
      "chunk_id": "7597964248177704987",                                        
      "doc_id": "7597943330432909366",                                          
      "score": 0.49918791818492336,                                             
      "slice": "---"                                                            
    }                                                                           
  ],                                                                            
  "msg": ""                                                                     
}                                                                               

2026-02-15 15:37:02,007 cozeloop._noop _noop.py:67 [WARNING] [cozeloop] Noop client not supported. Invalid parameter. workspace_id is required.
2026-02-15 15:37:02,008 cozeloop._noop _noop.py:67 [WARNING] [cozeloop] Noop client not supported. Invalid parameter. workspace_id is required.
ä¿å­˜å¯¹è¯è®°å½•å¤±è´¥: table conversations has no column named messages
127.0.0.1 - - [15/Feb/2026 15:37:53] "POST /api/agent/chat HTTP/1.1" 200 -
â•­â”€â”€â”€â”€â”€â”€â”€â”€â”€â”€â”€â”€â”€â”€â”€â”€â”€â”€â”€â”€â”€â”€â”€â”€â”€â”€â”€â”€â”€â”€â”€â”€ HTTP Request â”€â”€â”€â”€â”€â”€â”€â”€â”€â”€â”€â”€â”€â”€â”€â”€â”€â”€â”€â”€â”€â”€â”€â”€â”€â”€â”€â”€â”€â”€â”€â”€â•®
â”‚ POST https://integration.coze.cn/v1/knowledge_base/recall                    â”‚
â”‚                                                                              â”‚
â”‚ Headers:                                                                     â”‚
â”‚   x-coze-token: Bearer                                                       â”‚
â”‚ WU9RNGFQTmZTc3VnbnRCMmsyWUtDcDZHOWJMa0g5ZVk6NVN5cHNRbkNidjFzWHNEVnJ4UTZKQlN1 â”‚
â”‚ SUxYMlU3ZEtidVRXbDYwWDFyZW9sdmhQbTU1QVdQaVJHcVo4b1BoWA==                     â”‚
â”‚   Content-Type: application/json                                             â”‚
â”‚   Authorization: Bearer WU9RNGFQ...WA==                                      â”‚
â”‚   X-Client-Sdk: coze-coding-dev-sdk-python/0.5.0                             â”‚
â”‚                                                                              â”‚
â”‚ Body:                                                                        â”‚
â”‚                                                                              â”‚
â•°â”€â”€â”€â”€â”€â”€â”€â”€â”€â”€â”€â”€â”€â”€â”€â”€â”€â”€â”€â”€â”€â”€â”€â”€â”€â”€â”€â”€â”€â”€â”€â”€â”€â”€â”€â”€â”€â”€â”€â”€â”€â”€â”€â”€â”€â”€â”€â”€â”€â”€â”€â”€â”€â”€â”€â”€â”€â”€â”€â”€â”€â”€â”€â”€â”€â”€â”€â”€â”€â”€â”€â”€â”€â”€â”€â”€â”€â”€â•¯
{                                                                               
  "query": "ä»‹ç»ä½ çš„å…¬å¸",                                                      
  "top_k": 3,                                                                   
  "min_score": 0.3                                                              
}                                                                               

â•­â”€â”€â”€â”€â”€â”€â”€â”€â”€â”€â”€â”€â”€â”€â”€â”€â”€â”€â”€â”€â”€â”€â”€â”€â”€â”€â”€â”€â”€â”€â”€ HTTP Response â”€â”€â”€â”€â”€â”€â”€â”€â”€â”€â”€â”€â”€â”€â”€â”€â”€â”€â”€â”€â”€â”€â”€â”€â”€â”€â”€â”€â”€â”€â”€â”€â•®
â”‚ Status: 200 OK                                                               â”‚
â”‚                                                                              â”‚
â”‚ Response Headers:                                                            â”‚
â”‚   Server: Tengine                                                            â”‚
â”‚   Content-Type: application/json                                             â”‚
â”‚   Transfer-Encoding: chunked                                                 â”‚
â”‚   Connection: keep-alive                                                     â”‚
â”‚   Date: Sun, 15 Feb 2026 07:37:59 GMT                                        â”‚
â”‚   Vary: Accept-Encoding                                                      â”‚
â”‚   X-Tt-Logid: 20260215153758E71EBA93274E4B7A030A                             â”‚
â”‚   Server-Timing: inner; dur=213,tt_agw; dur=207,                             â”‚
â”‚ cdn-cache;desc=MISS,edge;dur=69,origin;dur=227                               â”‚
â”‚   x-envoy-response-flags: -                                                  â”‚
â”‚   Strict-Transport-Security: max-age=31536000; includeSubDomains             â”‚
â”‚   x-tt-trace-host:                                                           â”‚
â”‚ 01047e6dcdbde7abbb1d6e10d3c575d75fd37b0fe623cc793eb1ba0662342fd39c3af14c578d â”‚
â”‚ 78e8df766da12489d4a89437282741028f885cae0deb3dbb1e97b40a142b3f1e07c636ccbcc6 â”‚
â”‚ 0eeecfd493df166dbccc8a85847bc2cc66266ae618                                   â”‚
â”‚   x-tt-trace-tag: id=03;cdn-cache=miss;type=dyn                              â”‚
â”‚   x-tt-trace-id: 00-260215153758E71EBA93274E4B7A030A-7015E44A87D6CD1C-00     â”‚
â”‚   X-TT-TIMESTAMP: 1771141079.004                                             â”‚
â”‚   Content-Encoding: gzip                                                     â”‚
â”‚   Via: ens-cache16.l2nu20-20[227,0], cache18.cn7954[296,0]                   â”‚
â”‚   Timing-Allow-Origin: *                                                     â”‚
â”‚   EagleId: dcb5af2617711410787405779e                                        â”‚
â”‚                                                                              â”‚
â”‚ Body:                                                                        â”‚
â•°â”€â”€â”€â”€â”€â”€â”€â”€â”€â”€â”€â”€â”€â”€â”€â”€â”€â”€â”€â”€â”€â”€â”€â”€â”€â”€â”€â”€â”€â”€â”€â”€â”€â”€â”€â”€â”€â”€â”€â”€â”€â”€â”€â”€â”€â”€â”€â”€â”€â”€â”€â”€â”€â”€â”€â”€â”€â”€â”€â”€â”€â”€â”€â”€â”€â”€â”€â”€â”€â”€â”€â”€â”€â”€â”€â”€â”€â”€â•¯
{                                                                               
  "code": 0,                                                                    
  "data": [                                                                     
    {                                                                           
      "chunk_id": "7597953458599149618",                                        
      "doc_id": "7597953458599116850",                                          
      "score": 0.48247969292389437,                                             
      "slice": "ç®€      ä»‹"                                                     
    },                                                                          
    {                                                                           
      "chunk_id": "7597904741087248422",                                        
      "doc_id": "7597814285552631823",                                          
      "score": 0.4821692479515023,                                              
      "slice": "ç®€      ä»‹"                                                     
    },                                                                          
    {                                                                           
      "chunk_id": "7597953458599166002",                                        
      "doc_id": "7597953458599116850",                                          
      "score": 0.46302587283366814,                                             
      "slice": "æˆ‘ä»¬æ˜¯è°"                                                       
    }                                                                           
  ],                                                                            
  "msg": ""                                                                     
}                                                                               

2026-02-15 15:37:59,051 cozeloop._noop _noop.py:67 [WARNING] [cozeloop] Noop client not supported. Invalid parameter. workspace_id is required.
2026-02-15 15:37:59,053 cozeloop._noop _noop.py:67 [WARNING] [cozeloop] Noop client not supported. Invalid parameter. workspace_id is required.
ä¿å­˜å¯¹è¯è®°å½•å¤±è´¥: table conversations has no column named messages
127.0.0.1 - - [15/Feb/2026 15:38:44] "POST /agent/chat HTTP/1.1" 200 -
127.0.0.1 - - [15/Feb/2026 15:39:59] "GET /api/admin/agents HTTP/1.1" 200 -
